<?xml version="1.0" encoding="UTF-8"?>
<testsuite xmlns:xsi="http://www.w3.org/2001/XMLSchema-instance" xsi:schemaLocation="https://maven.apache.org/surefire/maven-surefire-plugin/xsd/surefire-test-report.xsd" name="Runner.Tests_Runner" time="25.832" tests="3" errors="0" skipped="0" failures="0">
  <properties>
[...]
</properties>
  <testcase name="Check login is successful with valid credentials" classname="Connexion on TA" time="8.859"/>
  <testcase name="user is able to modify his profils data" classname="update user data" time="5.756"/>
  <testcase name="user is able to check his old sessions courses ressources" classname="Checking courses" time="10.938"/>
</testsuite>